This is pdfTeX, Version 3.14159265-2.6-1.40.20 (MiKTeX 2.9.7200 64-bit) (preloaded format=pdflatex 2019.11.7)  19 DEC 2020 01:47
entering extended mode
**c:/Users/volkan/Desktop/Graduate/Graduate_Era/Courses/PHYS_514/Problem_Sets/ps7/solution/report/ps_report.tex
(c:/Users/volkan/Desktop/Graduate/Graduate_Era/Courses/PHYS_514/Problem_Sets/ps7/solution/report/ps_report.tex
LaTeX2e <2019-10-01>
("C:\Users\volkan\AppData\Local\Programs\MiKTeX 2.9\tex/latex/base\article.cls"
Document Class: article 2019/08/27 v1.4j Standard LaTeX document class
("C:\Users\volkan\AppData\Local\Programs\MiKTeX 2.9\tex/latex/base\size12.clo"
File: size12.clo 2019/08/27 v1.4j Standard LaTeX file (size option)
)
\c@part=\count80
\c@section=\count81
\c@subsection=\count82
\c@subsubsection=\count83
\c@paragraph=\count84
\c@subparagraph=\count85
\c@figure=\count86
\c@table=\count87
\abovecaptionskip=\skip41
\belowcaptionskip=\skip42
\bibindent=\dimen102
) ("C:\Users\volkan\AppData\Local\Programs\MiKTeX 2.9\tex/latex/tools\tabularx.sty"
Package: tabularx 2016/02/03 v2.11b `tabularx' package (DPC)
 ("C:\Users\volkan\AppData\Local\Programs\MiKTeX 2.9\tex/latex/tools\array.sty"
Package: array 2019/08/31 v2.4l Tabular extension package (FMi)
\col@sep=\dimen103
\ar@mcellbox=\box27
\extrarowheight=\dimen104
\NC@list=\toks14
\extratabsurround=\skip43
\backup@length=\skip44
\ar@cellbox=\box28
)
\TX@col@width=\dimen105
\TX@old@table=\dimen106
\TX@old@col=\dimen107
\TX@target=\dimen108
\TX@delta=\dimen109
\TX@cols=\count88
\TX@ftn=\toks15
) ("C:\Users\volkan\AppData\Local\Programs\MiKTeX 2.9\tex/latex/amsmath\amsmath.sty"
Package: amsmath 2019/04/01 v2.17c AMS math features
\@mathmargin=\skip45

For additional information on amsmath, use the `?' option.
("C:\Users\volkan\AppData\Local\Programs\MiKTeX 2.9\tex/latex/amsmath\amstext.sty"
Package: amstext 2000/06/29 v2.01 AMS text
 ("C:\Users\volkan\AppData\Local\Programs\MiKTeX 2.9\tex/latex/amsmath\amsgen.sty"
File: amsgen.sty 1999/11/30 v2.0 generic functions
\@emptytoks=\toks16
\ex@=\dimen110
)) ("C:\Users\volkan\AppData\Local\Programs\MiKTeX 2.9\tex/latex/amsmath\amsbsy.sty"
Package: amsbsy 1999/11/29 v1.2d Bold Symbols
\pmbraise@=\dimen111
) ("C:\Users\volkan\AppData\Local\Programs\MiKTeX 2.9\tex/latex/amsmath\amsopn.sty"
Package: amsopn 2016/03/08 v2.02 operator names
)
\inf@bad=\count89
LaTeX Info: Redefining \frac on input line 227.
\uproot@=\count90
\leftroot@=\count91
LaTeX Info: Redefining \overline on input line 389.
\classnum@=\count92
\DOTSCASE@=\count93
LaTeX Info: Redefining \ldots on input line 486.
LaTeX Info: Redefining \dots on input line 489.
LaTeX Info: Redefining \cdots on input line 610.
\Mathstrutbox@=\box29
\strutbox@=\box30
\big@size=\dimen112
LaTeX Font Info:    Redeclaring font encoding OML on input line 733.
LaTeX Font Info:    Redeclaring font encoding OMS on input line 734.
\macc@depth=\count94
\c@MaxMatrixCols=\count95
\dotsspace@=\muskip10
\c@parentequation=\count96
\dspbrk@lvl=\count97
\tag@help=\toks17
\row@=\count98
\column@=\count99
\maxfields@=\count100
\andhelp@=\toks18
\eqnshift@=\dimen113
\alignsep@=\dimen114
\tagshift@=\dimen115
\tagwidth@=\dimen116
\totwidth@=\dimen117
\lineht@=\dimen118
\@envbody=\toks19
\multlinegap=\skip46
\multlinetaggap=\skip47
\mathdisplay@stack=\toks20
LaTeX Info: Redefining \[ on input line 2855.
LaTeX Info: Redefining \] on input line 2856.
) ("C:\Users\volkan\AppData\Local\Programs\MiKTeX 2.9\tex/latex/amsfonts\amssymb.sty"
Package: amssymb 2013/01/14 v3.01 AMS font symbols
 ("C:\Users\volkan\AppData\Local\Programs\MiKTeX 2.9\tex/latex/amsfonts\amsfonts.sty"
Package: amsfonts 2013/01/14 v3.01 Basic AMSFonts support
\symAMSa=\mathgroup4
\symAMSb=\mathgroup5
LaTeX Font Info:    Redeclaring math symbol \hbar on input line 98.
LaTeX Font Info:    Overwriting math alphabet `\mathfrak' in version `bold'
(Font)                  U/euf/m/n --> U/euf/b/n on input line 106.
)) ("C:\Users\volkan\AppData\Local\Programs\MiKTeX 2.9\tex/latex/multirow\multirow.sty"
Package: multirow 2019/05/31 v2.5 Span multiple rows of a table
\multirow@colwidth=\skip48
\multirow@cntb=\count101
\multirow@dima=\skip49
\bigstrutjot=\dimen119
) ("C:\Users\volkan\AppData\Local\Programs\MiKTeX 2.9\tex/latex/xcolor\xcolor.sty"
Package: xcolor 2016/05/11 v2.12 LaTeX color extensions (UK)
 ("C:\Users\volkan\AppData\Local\Programs\MiKTeX 2.9\tex/latex/graphics-cfg\color.cfg"
File: color.cfg 2016/01/02 v1.6 sample color configuration
)
Package xcolor Info: Driver file: pdftex.def on input line 225.
 ("C:\Users\volkan\AppData\Local\Programs\MiKTeX 2.9\tex/latex/graphics-def\pdftex.def"
File: pdftex.def 2018/01/08 v1.0l Graphics/color driver for pdftex
)
Package xcolor Info: Model `cmy' substituted by `cmy0' on input line 1348.
Package xcolor Info: Model `hsb' substituted by `rgb' on input line 1352.
Package xcolor Info: Model `RGB' extended on input line 1364.
Package xcolor Info: Model `HTML' substituted by `rgb' on input line 1366.
Package xcolor Info: Model `Hsb' substituted by `hsb' on input line 1367.
Package xcolor Info: Model `tHsb' substituted by `hsb' on input line 1368.
Package xcolor Info: Model `HSB' substituted by `hsb' on input line 1369.
Package xcolor Info: Model `Gray' substituted by `gray' on input line 1370.
Package xcolor Info: Model `wave' substituted by `hsb' on input line 1371.
) ("C:\Users\volkan\AppData\Local\Programs\MiKTeX 2.9\tex/latex/was\gensymb.sty"
Package: gensymb 2003/07/02 v1.0 (WaS)
) ("C:\Users\volkan\AppData\Local\Programs\MiKTeX 2.9\tex/latex/appendix\appendix.sty"
Package: appendix 2020/02/08 v1.2c extra appendix facilities
\c@@pps=\count102
\c@@ppsavesec=\count103
\c@@ppsaveapp=\count104
) ("C:\Users\volkan\AppData\Local\Programs\MiKTeX 2.9\tex/latex/tools\verbatim.sty"
Package: verbatim 2014/10/28 v1.5q LaTeX2e package for verbatim enhancements
\every@verbatim=\toks21
\verbatim@line=\toks22
\verbatim@in@stream=\read1
) ("C:\Users\volkan\AppData\Local\Programs\MiKTeX 2.9\tex/latex/bigints\bigints.sty"
Package: bigints 2010/02/15 Writing big integrals
Package bigints Info: This is Bigints by Merciadri Luca. on input line 5.
) ("C:\Users\volkan\AppData\Local\Programs\MiKTeX 2.9\tex/latex/mathtools\mathtools.sty"
Package: mathtools 2020/03/24 v1.24 mathematical typesetting tools
 ("C:\Users\volkan\AppData\Local\Programs\MiKTeX 2.9\tex/latex/graphics\keyval.sty"
Package: keyval 2014/10/28 v1.15 key=value parser (DPC)
\KV@toks@=\toks23
) ("C:\Users\volkan\AppData\Local\Programs\MiKTeX 2.9\tex/latex/tools\calc.sty"
Package: calc 2017/05/25 v4.3 Infix arithmetic (KKT,FJ)
\calc@Acount=\count105
\calc@Bcount=\count106
\calc@Adimen=\dimen120
\calc@Bdimen=\dimen121
\calc@Askip=\skip50
\calc@Bskip=\skip51
LaTeX Info: Redefining \setlength on input line 80.
LaTeX Info: Redefining \addtolength on input line 81.
\calc@Ccount=\count107
\calc@Cskip=\skip52
) ("C:\Users\volkan\AppData\Local\Programs\MiKTeX 2.9\tex/latex/mathtools\mhsetup.sty"
Package: mhsetup 2017/03/31 v1.3 programming setup (MH)
)
LaTeX Info: Thecontrolsequence`\('isalreadyrobust on input line 130.
LaTeX Info: Thecontrolsequence`\)'isalreadyrobust on input line 130.
LaTeX Info: Thecontrolsequence`\['isalreadyrobust on input line 130.
LaTeX Info: Thecontrolsequence`\]'isalreadyrobust on input line 130.
\g_MT_multlinerow_int=\count108
\l_MT_multwidth_dim=\dimen122
\origjot=\skip53
\l_MT_shortvdotswithinadjustabove_dim=\dimen123
\l_MT_shortvdotswithinadjustbelow_dim=\dimen124
\l_MT_above_intertext_sep=\dimen125
\l_MT_below_intertext_sep=\dimen126
\l_MT_above_shortintertext_sep=\dimen127
\l_MT_below_shortintertext_sep=\dimen128
\xmathstrut@box=\box31
\xmathstrut@dim=\dimen129
) ("C:\Users\volkan\AppData\Local\Programs\MiKTeX 2.9\tex/latex/float\float.sty"
Package: float 2001/11/08 v1.3d Float enhancements (AL)
\c@float@type=\count109
\float@exts=\toks24
\float@box=\box32
\@float@everytoks=\toks25
\@floatcapt=\box33
) ("C:\Users\volkan\AppData\Local\Programs\MiKTeX 2.9\tex/latex/listings\listings.sty"
\lst@mode=\count110
\lst@gtempboxa=\box34
\lst@token=\toks26
\lst@length=\count111
\lst@currlwidth=\dimen130
\lst@column=\count112
\lst@pos=\count113
\lst@lostspace=\dimen131
\lst@width=\dimen132
\lst@newlines=\count114
\lst@lineno=\count115
\lst@maxwidth=\dimen133
 ("C:\Users\volkan\AppData\Local\Programs\MiKTeX 2.9\tex/latex/listings\lstmisc.sty"
File: lstmisc.sty 2019/09/10 1.8c (Carsten Heinz)
\c@lstnumber=\count116
\lst@skipnumbers=\count117
\lst@framebox=\box35
) ("C:\Users\volkan\AppData\Local\Programs\MiKTeX 2.9\tex/latex/listings\listings.cfg"
File: listings.cfg 2019/09/10 1.8c listings configuration
))
Package: listings 2019/09/10 1.8c (Carsten Heinz)
 ("C:\Users\volkan\AppData\Local\Programs\MiKTeX 2.9\tex/latex/adjustbox\adjustbox.sty"
Package: adjustbox 2019/01/04 v1.2 Adjusting TeX boxes (trim, clip, ...)
 ("C:\Users\volkan\AppData\Local\Programs\MiKTeX 2.9\tex/latex/xkeyval\xkeyval.sty"
Package: xkeyval 2014/12/03 v2.7a package option processing (HA)
 ("C:\Users\volkan\AppData\Local\Programs\MiKTeX 2.9\tex/generic/xkeyval\xkeyval.tex" ("C:\Users\volkan\AppData\Local\Programs\MiKTeX 2.9\tex/generic/xkeyval\xkvutils.tex"
\XKV@toks=\toks27
\XKV@tempa@toks=\toks28
)
\XKV@depth=\count118
File: xkeyval.tex 2014/12/03 v2.7a key=value parser (HA)
)) ("C:\Users\volkan\AppData\Local\Programs\MiKTeX 2.9\tex/latex/adjustbox\adjcalc.sty"
Package: adjcalc 2012/05/16 v1.1 Provides advanced setlength with multiple back-ends (calc, etex, pgfmath)
) ("C:\Users\volkan\AppData\Local\Programs\MiKTeX 2.9\tex/latex/adjustbox\trimclip.sty"
Package: trimclip 2018/04/08 v1.1 Trim and clip general TeX material
 ("C:\Users\volkan\AppData\Local\Programs\MiKTeX 2.9\tex/latex/graphics\graphicx.sty"
Package: graphicx 2017/06/01 v1.1a Enhanced LaTeX Graphics (DPC,SPQR)
 ("C:\Users\volkan\AppData\Local\Programs\MiKTeX 2.9\tex/latex/graphics\graphics.sty"
Package: graphics 2019/07/20 v1.3b Standard LaTeX Graphics (DPC,SPQR)
 ("C:\Users\volkan\AppData\Local\Programs\MiKTeX 2.9\tex/latex/graphics\trig.sty"
Package: trig 2016/01/03 v1.10 sin cos tan (DPC)
) ("C:\Users\volkan\AppData\Local\Programs\MiKTeX 2.9\tex/latex/graphics-cfg\graphics.cfg"
File: graphics.cfg 2016/06/04 v1.11 sample graphics configuration
)
Package graphics Info: Driver file: pdftex.def on input line 105.
)
\Gin@req@height=\dimen134
\Gin@req@width=\dimen135
) ("C:\Users\volkan\AppData\Local\Programs\MiKTeX 2.9\tex/latex/collectbox\collectbox.sty"
Package: collectbox 2012/05/17 v0.4b Collect macro arguments as boxes
\collectedbox=\box36
)
\tc@llx=\dimen136
\tc@lly=\dimen137
\tc@urx=\dimen138
\tc@ury=\dimen139
Package trimclip Info: Using driver 'tc-pdftex.def'.
 ("C:\Users\volkan\AppData\Local\Programs\MiKTeX 2.9\tex/latex/adjustbox\tc-pdftex.def"
File: tc-pdftex.def 2019/01/04 v2.2 Clipping driver for pdftex
))
\adjbox@Width=\dimen140
\adjbox@Height=\dimen141
\adjbox@Depth=\dimen142
\adjbox@Totalheight=\dimen143
\adjbox@pwidth=\dimen144
\adjbox@pheight=\dimen145
\adjbox@pdepth=\dimen146
\adjbox@ptotalheight=\dimen147
 ("C:\Users\volkan\AppData\Local\Programs\MiKTeX 2.9\tex/latex/ifoddpage\ifoddpage.sty"
Package: ifoddpage 2016/04/23 v1.1 Conditionals for odd/even page detection
\c@checkoddpage=\count119
) ("C:\Users\volkan\AppData\Local\Programs\MiKTeX 2.9\tex/latex/varwidth\varwidth.sty"
Package: varwidth 2009/03/30 ver 0.92;  Variable-width minipages
\@vwid@box=\box37
\sift@deathcycles=\count120
\@vwid@loff=\dimen148
\@vwid@roff=\dimen149
)) ("C:\Users\volkan\AppData\Local\Programs\MiKTeX 2.9\tex/generic/genmisc\nth.sty"
Package: nth 2002/02/27
) ("C:\Users\volkan\AppData\Local\Programs\MiKTeX 2.9\tex/latex/geometry\geometry.sty"
Package: geometry 2018/04/16 v5.8 Page Geometry
 ("C:\Users\volkan\AppData\Local\Programs\MiKTeX 2.9\tex/generic/oberdiek\ifpdf.sty"
Package: ifpdf 2018/09/07 v3.3 Provides the ifpdf switch
) ("C:\Users\volkan\AppData\Local\Programs\MiKTeX 2.9\tex/generic/oberdiek\ifvtex.sty"
Package: ifvtex 2016/05/16 v1.6 Detect VTeX and its facilities (HO)
Package ifvtex Info: VTeX not detected.
) ("C:\Users\volkan\AppData\Local\Programs\MiKTeX 2.9\tex/generic/ifxetex\ifxetex.sty"
Package: ifxetex 2010/09/12 v0.6 Provides ifxetex conditional
)
\Gm@cnth=\count121
\Gm@cntv=\count122
\c@Gm@tempcnt=\count123
\Gm@bindingoffset=\dimen150
\Gm@wd@mp=\dimen151
\Gm@odd@mp=\dimen152
\Gm@even@mp=\dimen153
\Gm@layoutwidth=\dimen154
\Gm@layoutheight=\dimen155
\Gm@layouthoffset=\dimen156
\Gm@layoutvoffset=\dimen157
\Gm@dimlist=\toks29
 ("C:\Users\volkan\AppData\Local\Programs\MiKTeX 2.9\tex/latex/geometry\geometry.cfg")) ("C:\Users\volkan\AppData\Local\Programs\MiKTeX 2.9\tex/latex/cite\cite.sty"
LaTeX Info: Redefining \cite on input line 302.
LaTeX Info: Redefining \nocite on input line 332.
Package: cite 2015/02/27  v 5.5
) ("C:\Users\volkan\AppData\Local\Programs\MiKTeX 2.9\tex/latex/hyperref\hyperref.sty"
Package: hyperref 2019/09/28 v7.00a Hypertext links for LaTeX
 ("C:\Users\volkan\AppData\Local\Programs\MiKTeX 2.9\tex/generic/oberdiek\hobsub-hyperref.sty"
Package: hobsub-hyperref 2016/05/16 v1.14 Bundle oberdiek, subset hyperref (HO)
 ("C:\Users\volkan\AppData\Local\Programs\MiKTeX 2.9\tex/generic/oberdiek\hobsub-generic.sty"
Package: hobsub-generic 2016/05/16 v1.14 Bundle oberdiek, subset generic (HO)
Package: hobsub 2016/05/16 v1.14 Construct package bundles (HO)
Package: infwarerr 2016/05/16 v1.4 Providing info/warning/error messages (HO)
Package: ltxcmds 2016/05/16 v1.23 LaTeX kernel commands for general use (HO)
Package: ifluatex 2016/05/16 v1.4 Provides the ifluatex switch (HO)
Package ifluatex Info: LuaTeX not detected.
Package hobsub Info: Skipping package `ifvtex' (already loaded).
Package: intcalc 2016/05/16 v1.2 Expandable calculations with integers (HO)
Package hobsub Info: Skipping package `ifpdf' (already loaded).
Package: etexcmds 2016/05/16 v1.6 Avoid name clashes with e-TeX commands (HO)
Package: kvsetkeys 2016/05/16 v1.17 Key value parser (HO)
Package: kvdefinekeys 2016/05/16 v1.4 Define keys (HO)
Package: pdftexcmds 2019/07/25 v0.30 Utility functions of pdfTeX for LuaTeX (HO)
Package pdftexcmds Info: LuaTeX not detected.
Package pdftexcmds Info: \pdf@primitive is available.
Package pdftexcmds Info: \pdf@ifprimitive is available.
Package pdftexcmds Info: \pdfdraftmode found.
Package: pdfescape 2016/05/16 v1.14 Implements pdfTeX's escape features (HO)
Package: bigintcalc 2016/05/16 v1.4 Expandable calculations on big integers (HO)
Package: bitset 2016/05/16 v1.2 Handle bit-vector datatype (HO)
Package: uniquecounter 2016/05/16 v1.3 Provide unlimited unique counter (HO)
)
Package hobsub Info: Skipping package `hobsub' (already loaded).
Package: letltxmacro 2016/05/16 v1.5 Let assignment for LaTeX macros (HO)
Package: hopatch 2016/05/16 v1.3 Wrapper for package hooks (HO)
Package: xcolor-patch 2016/05/16 xcolor patch
Package: atveryend 2016/05/16 v1.9 Hooks at the very end of document (HO)
Package atveryend Info: \enddocument detected (standard20110627).
Package: atbegshi 2016/06/09 v1.18 At begin shipout hook (HO)
Package: refcount 2016/05/16 v3.5 Data extraction from label references (HO)
Package: hycolor 2016/05/16 v1.8 Color options for hyperref/bookmark (HO)
) ("C:\Users\volkan\AppData\Local\Programs\MiKTeX 2.9\tex/latex/oberdiek\auxhook.sty"
Package: auxhook 2016/05/16 v1.4 Hooks for auxiliary files (HO)
) ("C:\Users\volkan\AppData\Local\Programs\MiKTeX 2.9\tex/latex/oberdiek\kvoptions.sty"
Package: kvoptions 2016/05/16 v3.12 Key value format for package options (HO)
)
\@linkdim=\dimen158
\Hy@linkcounter=\count124
\Hy@pagecounter=\count125
 ("C:\Users\volkan\AppData\Local\Programs\MiKTeX 2.9\tex/latex/hyperref\pd1enc.def"
File: pd1enc.def 2019/09/28 v7.00a Hyperref: PDFDocEncoding definition (HO)
Now handling font encoding PD1 ...
... no UTF-8 mapping file for font encoding PD1
)
\Hy@SavedSpaceFactor=\count126
 ("C:\Users\volkan\AppData\Local\Programs\MiKTeX 2.9\tex/latex/00miktex\hyperref.cfg"
File: hyperref.cfg 2002/06/06 v1.2 hyperref configuration of TeXLive
)
Package hyperref Info: Option `final' set `true' on input line 4414.
Package hyperref Info: Hyper figures OFF on input line 4540.
Package hyperref Info: Link nesting OFF on input line 4545.
Package hyperref Info: Hyper index ON on input line 4548.
Package hyperref Info: Plain pages OFF on input line 4555.
Package hyperref Info: Backreferencing OFF on input line 4560.
Package hyperref Info: Implicit mode ON; LaTeX internals redefined.
Package hyperref Info: Bookmarks ON on input line 4793.
\c@Hy@tempcnt=\count127
 ("C:\Users\volkan\AppData\Local\Programs\MiKTeX 2.9\tex/latex/url\url.sty"
\Urlmuskip=\muskip11
Package: url 2013/09/16  ver 3.4  Verb mode for urls, etc.
)
LaTeX Info: Redefining \url on input line 5152.
\XeTeXLinkMargin=\dimen159
\Fld@menulength=\count128
\Field@Width=\dimen160
\Fld@charsize=\dimen161
Package hyperref Info: Hyper figures OFF on input line 6423.
Package hyperref Info: Link nesting OFF on input line 6428.
Package hyperref Info: Hyper index ON on input line 6431.
Package hyperref Info: backreferencing OFF on input line 6438.
Package hyperref Info: Link coloring OFF on input line 6443.
Package hyperref Info: Link coloring with OCG OFF on input line 6448.
Package hyperref Info: PDF/A mode OFF on input line 6453.
LaTeX Info: Redefining \ref on input line 6493.
LaTeX Info: Redefining \pageref on input line 6497.
\Hy@abspage=\count129
\c@Item=\count130
\c@Hfootnote=\count131
)
Package hyperref Info: Driver (autodetected): hpdftex.
 ("C:\Users\volkan\AppData\Local\Programs\MiKTeX 2.9\tex/latex/hyperref\hpdftex.def"
File: hpdftex.def 2019/09/28 v7.00a Hyperref driver for pdfTeX
\Fld@listcount=\count132
\c@bookmark@seq@number=\count133
 ("C:\Users\volkan\AppData\Local\Programs\MiKTeX 2.9\tex/latex/oberdiek\rerunfilecheck.sty"
Package: rerunfilecheck 2016/05/16 v1.8 Rerun checks for auxiliary files (HO)
Package uniquecounter Info: New unique counter `rerunfilecheck' on input line 282.
)
\Hy@SectionHShift=\skip54
)
Package hyperref Info: Option `colorlinks' set `false' on input line 33.
 (c:/Users\volkan\Desktop\Graduate\Graduate_Era\Courses\PHYS_514\Problem_Sets\ps7\solution\report\ps_report.aux)
\openout1 = `ps_report.aux'.

LaTeX Font Info:    Checking defaults for OML/cmm/m/it on input line 52.
LaTeX Font Info:    ... okay on input line 52.
LaTeX Font Info:    Checking defaults for T1/cmr/m/n on input line 52.
LaTeX Font Info:    ... okay on input line 52.
LaTeX Font Info:    Checking defaults for OT1/cmr/m/n on input line 52.
LaTeX Font Info:    ... okay on input line 52.
LaTeX Font Info:    Checking defaults for OMS/cmsy/m/n on input line 52.
LaTeX Font Info:    ... okay on input line 52.
LaTeX Font Info:    Checking defaults for OMX/cmex/m/n on input line 52.
LaTeX Font Info:    ... okay on input line 52.
LaTeX Font Info:    Checking defaults for U/cmr/m/n on input line 52.
LaTeX Font Info:    ... okay on input line 52.
LaTeX Font Info:    Checking defaults for PD1/pdf/m/n on input line 52.
LaTeX Font Info:    ... okay on input line 52.
 ("C:\Users\volkan\AppData\Local\Programs\MiKTeX 2.9\tex/context/base/mkii\supp-pdf.mkii"
[Loading MPS to PDF converter (version 2006.09.02).]
\scratchcounter=\count134
\scratchdimen=\dimen162
\scratchbox=\box38
\nofMPsegments=\count135
\nofMParguments=\count136
\everyMPshowfont=\toks30
\MPscratchCnt=\count137
\MPscratchDim=\dimen163
\MPnumerator=\count138
\makeMPintoPDFobject=\count139
\everyMPtoPDFconversion=\toks31
) ("C:\Users\volkan\AppData\Local\Programs\MiKTeX 2.9\tex/latex/oberdiek\epstopdf-base.sty"
Package: epstopdf-base 2016/05/15 v2.6 Base part for package epstopdf
 ("C:\Users\volkan\AppData\Local\Programs\MiKTeX 2.9\tex/latex/oberdiek\grfext.sty"
Package: grfext 2016/05/16 v1.2 Manage graphics extensions (HO)
)
Package epstopdf-base Info: Redefining graphics rule for `.eps' on input line 438.
Package grfext Info: Graphics extension search list:
(grfext)             [.pdf,.png,.jpg,.mps,.jpeg,.jbig2,.jb2,.PDF,.PNG,.JPG,.JPEG,.JBIG2,.JB2,.eps]
(grfext)             \AppendGraphicsExtensions on input line 456.
)
LaTeX Info: Redefining \celsius on input line 52.
Package gensymb Info: Faking symbols for \degree and \celsius on input line 52.


Package gensymb Warning: Not defining \perthousand.

LaTeX Info: Redefining \ohm on input line 52.
Package gensymb Info: Using \Omega for \ohm on input line 52.

Package gensymb Warning: Not defining \micro.

\c@lstlisting=\count140
*geometry* driver: auto-detecting
*geometry* detected driver: pdftex
*geometry* verbose mode - [ preamble ] result:
* driver: pdftex
* paper: letterpaper
* layout: <same size as paper>
* layoutoffset:(h,v)=(0.0pt,0.0pt)
* modes: 
* h-part:(L,W,R)=(72.26999pt, 469.75502pt, 72.26999pt)
* v-part:(T,H,B)=(72.26999pt, 650.43001pt, 72.26999pt)
* \paperwidth=614.295pt
* \paperheight=794.96999pt
* \textwidth=469.75502pt
* \textheight=650.43001pt
* \oddsidemargin=0.0pt
* \evensidemargin=0.0pt
* \topmargin=-37.0pt
* \headheight=12.0pt
* \headsep=25.0pt
* \topskip=12.0pt
* \footskip=30.0pt
* \marginparwidth=44.0pt
* \marginparsep=10.0pt
* \columnsep=10.0pt
* \skip\footins=10.8pt plus 4.0pt minus 2.0pt
* \hoffset=0.0pt
* \voffset=0.0pt
* \mag=1000
* \@twocolumnfalse
* \@twosidefalse
* \@mparswitchfalse
* \@reversemarginfalse
* (1in=72.27pt=25.4mm, 1cm=28.453pt)

\AtBeginShipoutBox=\box39
Package hyperref Info: Link coloring OFF on input line 52.
("C:\Users\volkan\AppData\Local\Programs\MiKTeX 2.9\tex/latex/hyperref\nameref.sty"
Package: nameref 2019/09/16 v2.46 Cross-referencing by name of section
 ("C:\Users\volkan\AppData\Local\Programs\MiKTeX 2.9\tex/generic/oberdiek\gettitlestring.sty"
Package: gettitlestring 2016/05/16 v1.5 Cleanup title references (HO)
)
\c@section@level=\count141
)
LaTeX Info: Redefining \ref on input line 52.
LaTeX Info: Redefining \pageref on input line 52.
LaTeX Info: Redefining \nameref on input line 52.
 (c:/Users\volkan\Desktop\Graduate\Graduate_Era\Courses\PHYS_514\Problem_Sets\ps7\solution\report\ps_report.out) (c:/Users\volkan\Desktop\Graduate\Graduate_Era\Courses\PHYS_514\Problem_Sets\ps7\solution\report\ps_report.out)
\@outlinefile=\write3
\openout3 = `ps_report.out'.

<figures/koc_logo.png, id=55, 903.375pt x 474.27188pt>
File: figures/koc_logo.png Graphic file (type png)
<use figures/koc_logo.png>
Package pdftex.def Info: figures/koc_logo.png  used on input line 57.
(pdftex.def)             Requested size: 227.62204pt x 119.50122pt.
 [1

{C:/Users/volkan/AppData/Local/MiKTeX/2.9/pdftex/config/pdftex.map} <c:/Users/volkan/Desktop/Graduate/Graduate_Era/Courses/PHYS_514/Problem_Sets/ps7/solution/report/figures/koc_logo.png>] (c:/Users\volkan\Desktop\Graduate\Graduate_Era\Courses\PHYS_514\Problem_Sets\ps7\solution\report\ps_report.toc
LaTeX Font Info:    Trying to load font information for U+msa on input line 2.
 ("C:\Users\volkan\AppData\Local\Programs\MiKTeX 2.9\tex/latex/amsfonts\umsa.fd"
File: umsa.fd 2013/01/14 v3.01 AMS symbols A
)
LaTeX Font Info:    Trying to load font information for U+msb on input line 2.
 ("C:\Users\volkan\AppData\Local\Programs\MiKTeX 2.9\tex/latex/amsfonts\umsb.fd"
File: umsb.fd 2013/01/14 v3.01 AMS symbols B
))
\tf@toc=\write4
\openout4 = `ps_report.toc'.

pdfTeX warning (ext4): destination with the same identifier (name{page.1}) has been already used, duplicate ignored
<to be read again> 
                   \relax 
l.84 \newpage
              [1]
LaTeX Font Info:    Trying to load font information for OMS+cmr on input line 101.
 ("C:\Users\volkan\AppData\Local\Programs\MiKTeX 2.9\tex/latex/base\omscmr.fd"
File: omscmr.fd 2014/09/29 v2.5h Standard LaTeX font definitions
)
LaTeX Font Info:    Font shape `OMS/cmr/m/n' in size <12> not available
(Font)              Font shape `OMS/cmsy/m/n' tried instead on input line 101.
 [2] [3] [4]
<figures/1_8_Standart_Eigenvalue_Solver_d_eigenvector.png, id=133, 722.7pt x 722.7pt>
File: figures/1_8_Standart_Eigenvalue_Solver_d_eigenvector.png Graphic file (type png)
<use figures/1_8_Standart_Eigenvalue_Solver_d_eigenvector.png>
Package pdftex.def Info: figures/1_8_Standart_Eigenvalue_Solver_d_eigenvector.png  used on input line 317.
(pdftex.def)             Requested size: 469.75502pt x 469.76045pt.
 [5]
<figures/1_10_Standart_Eigenvalue_Solver_d_eigenvector.png, id=145, 722.7pt x 722.7pt>
File: figures/1_10_Standart_Eigenvalue_Solver_d_eigenvector.png Graphic file (type png)
<use figures/1_10_Standart_Eigenvalue_Solver_d_eigenvector.png>
Package pdftex.def Info: figures/1_10_Standart_Eigenvalue_Solver_d_eigenvector.png  used on input line 323.
(pdftex.def)             Requested size: 469.75502pt x 469.76045pt.
 [6 <c:/Users/volkan/Desktop/Graduate/Graduate_Era/Courses/PHYS_514/Problem_Sets/ps7/solution/report/figures/1_8_Standart_Eigenvalue_Solver_d_eigenvector.png>]
<figures/1_20_Standart_Eigenvalue_Solver_d_eigenvector.png, id=152, 722.7pt x 722.7pt>
File: figures/1_20_Standart_Eigenvalue_Solver_d_eigenvector.png Graphic file (type png)
<use figures/1_20_Standart_Eigenvalue_Solver_d_eigenvector.png>
Package pdftex.def Info: figures/1_20_Standart_Eigenvalue_Solver_d_eigenvector.png  used on input line 329.
(pdftex.def)             Requested size: 469.75502pt x 469.76045pt.
 [7 <c:/Users/volkan/Desktop/Graduate/Graduate_Era/Courses/PHYS_514/Problem_Sets/ps7/solution/report/figures/1_10_Standart_Eigenvalue_Solver_d_eigenvector.png>]
<figures/1_30_Standart_Eigenvalue_Solver_d_eigenvector.png, id=158, 722.7pt x 722.7pt>
File: figures/1_30_Standart_Eigenvalue_Solver_d_eigenvector.png Graphic file (type png)
<use figures/1_30_Standart_Eigenvalue_Solver_d_eigenvector.png>
Package pdftex.def Info: figures/1_30_Standart_Eigenvalue_Solver_d_eigenvector.png  used on input line 335.
(pdftex.def)             Requested size: 469.75502pt x 469.76045pt.
 [8 <c:/Users/volkan/Desktop/Graduate/Graduate_Era/Courses/PHYS_514/Problem_Sets/ps7/solution/report/figures/1_20_Standart_Eigenvalue_Solver_d_eigenvector.png>]
<figures/1_40_Standart_Eigenvalue_Solver_d_eigenvector.png, id=165, 722.7pt x 722.7pt>
File: figures/1_40_Standart_Eigenvalue_Solver_d_eigenvector.png Graphic file (type png)
<use figures/1_40_Standart_Eigenvalue_Solver_d_eigenvector.png>
Package pdftex.def Info: figures/1_40_Standart_Eigenvalue_Solver_d_eigenvector.png  used on input line 341.
(pdftex.def)             Requested size: 469.75502pt x 469.76045pt.
 [9 <c:/Users/volkan/Desktop/Graduate/Graduate_Era/Courses/PHYS_514/Problem_Sets/ps7/solution/report/figures/1_30_Standart_Eigenvalue_Solver_d_eigenvector.png>]
<figures/1_50_Standart_Eigenvalue_Solver_d_eigenvector.png, id=172, 722.7pt x 722.7pt>
File: figures/1_50_Standart_Eigenvalue_Solver_d_eigenvector.png Graphic file (type png)
<use figures/1_50_Standart_Eigenvalue_Solver_d_eigenvector.png>
Package pdftex.def Info: figures/1_50_Standart_Eigenvalue_Solver_d_eigenvector.png  used on input line 347.
(pdftex.def)             Requested size: 469.75502pt x 469.76045pt.
 [10 <c:/Users/volkan/Desktop/Graduate/Graduate_Era/Courses/PHYS_514/Problem_Sets/ps7/solution/report/figures/1_40_Standart_Eigenvalue_Solver_d_eigenvector.png>]
<figures/1_Standart_Eigenvalue_Solver_d_eigenvalue.png, id=179, 462.528pt x 346.896pt>
File: figures/1_Standart_Eigenvalue_Solver_d_eigenvalue.png Graphic file (type png)
<use figures/1_Standart_Eigenvalue_Solver_d_eigenvalue.png>
Package pdftex.def Info: figures/1_Standart_Eigenvalue_Solver_d_eigenvalue.png  used on input line 354.
(pdftex.def)             Requested size: 469.75502pt x 352.33655pt.
 [11 <c:/Users/volkan/Desktop/Graduate/Graduate_Era/Courses/PHYS_514/Problem_Sets/ps7/solution/report/figures/1_50_Standart_Eigenvalue_Solver_d_eigenvector.png>]
<figures/2_40_Tridiagonal_Toeplitz_Eigenvalue_Solver_d_eigenvector.png, id=191, 722.7pt x 722.7pt>
File: figures/2_40_Tridiagonal_Toeplitz_Eigenvalue_Solver_d_eigenvector.png Graphic file (type png)
<use figures/2_40_Tridiagonal_Toeplitz_Eigenvalue_Solver_d_eigenvector.png>
Package pdftex.def Info: figures/2_40_Tridiagonal_Toeplitz_Eigenvalue_Solver_d_eigenvector.png  used on input line 369.
(pdftex.def)             Requested size: 469.75502pt x 469.76045pt.
 [12 <c:/Users/volkan/Desktop/Graduate/Graduate_Era/Courses/PHYS_514/Problem_Sets/ps7/solution/report/figures/1_Standart_Eigenvalue_Solver_d_eigenvalue.png>]
<figures/2_40_Banded_Eigenvalue_Solver_d_eigenvector.png, id=205, 722.7pt x 722.7pt>
File: figures/2_40_Banded_Eigenvalue_Solver_d_eigenvector.png Graphic file (type png)
<use figures/2_40_Banded_Eigenvalue_Solver_d_eigenvector.png>
Package pdftex.def Info: figures/2_40_Banded_Eigenvalue_Solver_d_eigenvector.png  used on input line 375.
(pdftex.def)             Requested size: 469.75502pt x 469.76045pt.
 [13 <c:/Users/volkan/Desktop/Graduate/Graduate_Era/Courses/PHYS_514/Problem_Sets/ps7/solution/report/figures/2_40_Tridiagonal_Toeplitz_Eigenvalue_Solver_d_eigenvector.png>]
<figures/2_40_Standart_Eigenvalue_Solver_d_eigenvector.png, id=211, 722.7pt x 722.7pt>
File: figures/2_40_Standart_Eigenvalue_Solver_d_eigenvector.png Graphic file (type png)
<use figures/2_40_Standart_Eigenvalue_Solver_d_eigenvector.png>
Package pdftex.def Info: figures/2_40_Standart_Eigenvalue_Solver_d_eigenvector.png  used on input line 381.
(pdftex.def)             Requested size: 469.75502pt x 469.76045pt.
 [14 <c:/Users/volkan/Desktop/Graduate/Graduate_Era/Courses/PHYS_514/Problem_Sets/ps7/solution/report/figures/2_40_Banded_Eigenvalue_Solver_d_eigenvector.png>]
<figures/2_40_Symmetric_Eigenvalue_Solver_d_eigenvector.png, id=218, 722.7pt x 722.7pt>
File: figures/2_40_Symmetric_Eigenvalue_Solver_d_eigenvector.png Graphic file (type png)
<use figures/2_40_Symmetric_Eigenvalue_Solver_d_eigenvector.png>
Package pdftex.def Info: figures/2_40_Symmetric_Eigenvalue_Solver_d_eigenvector.png  used on input line 387.
(pdftex.def)             Requested size: 469.75502pt x 469.76045pt.
 [15 <c:/Users/volkan/Desktop/Graduate/Graduate_Era/Courses/PHYS_514/Problem_Sets/ps7/solution/report/figures/2_40_Standart_Eigenvalue_Solver_d_eigenvector.png>]
<figures/2_40_d_eigenvalue.png, id=225, 462.528pt x 346.896pt>
File: figures/2_40_d_eigenvalue.png Graphic file (type png)
<use figures/2_40_d_eigenvalue.png>
Package pdftex.def Info: figures/2_40_d_eigenvalue.png  used on input line 393.
(pdftex.def)             Requested size: 469.75502pt x 352.33655pt.
 [16 <c:/Users/volkan/Desktop/Graduate/Graduate_Era/Courses/PHYS_514/Problem_Sets/ps7/solution/report/figures/2_40_Symmetric_Eigenvalue_Solver_d_eigenvector.png>]
<figures/3_1024_d_eigen_solver_speed.png, id=232, 462.528pt x 346.896pt>
File: figures/3_1024_d_eigen_solver_speed.png Graphic file (type png)
<use figures/3_1024_d_eigen_solver_speed.png>
Package pdftex.def Info: figures/3_1024_d_eigen_solver_speed.png  used on input line 404.
(pdftex.def)             Requested size: 469.75502pt x 352.33655pt.
 [17 <c:/Users/volkan/Desktop/Graduate/Graduate_Era/Courses/PHYS_514/Problem_Sets/ps7/solution/report/figures/2_40_d_eigenvalue.png>]
<figures/4_40_Symmetric_Eigenvalue_Solver_n_eigenvector.png, id=242, 722.7pt x 722.7pt>
File: figures/4_40_Symmetric_Eigenvalue_Solver_n_eigenvector.png Graphic file (type png)
<use figures/4_40_Symmetric_Eigenvalue_Solver_n_eigenvector.png>
Package pdftex.def Info: figures/4_40_Symmetric_Eigenvalue_Solver_n_eigenvector.png  used on input line 416.
(pdftex.def)             Requested size: 469.75502pt x 469.76045pt.
 [18 <c:/Users/volkan/Desktop/Graduate/Graduate_Era/Courses/PHYS_514/Problem_Sets/ps7/solution/report/figures/3_1024_d_eigen_solver_speed.png>]
<figures/5_40_Standart_Eigenvalue_Solver_n_eigenvector.png, id=253, 722.7pt x 722.7pt>
File: figures/5_40_Standart_Eigenvalue_Solver_n_eigenvector.png Graphic file (type png)
<use figures/5_40_Standart_Eigenvalue_Solver_n_eigenvector.png>
Package pdftex.def Info: figures/5_40_Standart_Eigenvalue_Solver_n_eigenvector.png  used on input line 422.
(pdftex.def)             Requested size: 469.75502pt x 469.76045pt.
 [19 <c:/Users/volkan/Desktop/Graduate/Graduate_Era/Courses/PHYS_514/Problem_Sets/ps7/solution/report/figures/4_40_Symmetric_Eigenvalue_Solver_n_eigenvector.png>]
<figures/5_40_Standart_Eigenvalue_Solver_n_eigenvalue.png, id=259, 462.528pt x 346.896pt>
File: figures/5_40_Standart_Eigenvalue_Solver_n_eigenvalue.png Graphic file (type png)
<use figures/5_40_Standart_Eigenvalue_Solver_n_eigenvalue.png>
Package pdftex.def Info: figures/5_40_Standart_Eigenvalue_Solver_n_eigenvalue.png  used on input line 428.
(pdftex.def)             Requested size: 469.75502pt x 352.33655pt.
 [20 <c:/Users/volkan/Desktop/Graduate/Graduate_Era/Courses/PHYS_514/Problem_Sets/ps7/solution/report/figures/5_40_Standart_Eigenvalue_Solver_n_eigenvector.png>]
<figures/6_40_Symmetric_Eigenvalue_Solver_p_eigenvalue.png, id=266, 462.528pt x 346.896pt>
File: figures/6_40_Symmetric_Eigenvalue_Solver_p_eigenvalue.png Graphic file (type png)
<use figures/6_40_Symmetric_Eigenvalue_Solver_p_eigenvalue.png>
Package pdftex.def Info: figures/6_40_Symmetric_Eigenvalue_Solver_p_eigenvalue.png  used on input line 438.
(pdftex.def)             Requested size: 469.75502pt x 352.33655pt.
 [21 <c:/Users/volkan/Desktop/Graduate/Graduate_Era/Courses/PHYS_514/Problem_Sets/ps7/solution/report/figures/5_40_Standart_Eigenvalue_Solver_n_eigenvalue.png>]
<figures/6_40_Symmetric_Eigenvalue_Solver_p_eigenvector.png, id=274, 722.7pt x 722.7pt>
File: figures/6_40_Symmetric_Eigenvalue_Solver_p_eigenvector.png Graphic file (type png)
<use figures/6_40_Symmetric_Eigenvalue_Solver_p_eigenvector.png>
Package pdftex.def Info: figures/6_40_Symmetric_Eigenvalue_Solver_p_eigenvector.png  used on input line 444.
(pdftex.def)             Requested size: 469.75502pt x 469.76045pt.
 [22 <c:/Users/volkan/Desktop/Graduate/Graduate_Era/Courses/PHYS_514/Problem_Sets/ps7/solution/report/figures/6_40_Symmetric_Eigenvalue_Solver_p_eigenvalue.png>] [23 <c:/Users/volkan/Desktop/Graduate/Graduate_Era/Courses/PHYS_514/Problem_Sets/ps7/solution/report/figures/6_40_Symmetric_Eigenvalue_Solver_p_eigenvector.png>] [24]
<figures/7_eigenfunctions.png, id=314, 722.7pt x 722.7pt>
File: figures/7_eigenfunctions.png Graphic file (type png)
<use figures/7_eigenfunctions.png>
Package pdftex.def Info: figures/7_eigenfunctions.png  used on input line 533.
(pdftex.def)             Requested size: 469.75502pt x 469.76045pt.
 [25 <c:/Users/volkan/Desktop/Graduate/Graduate_Era/Courses/PHYS_514/Problem_Sets/ps7/solution/report/figures/7_eigenfunctions.png>]
<figures/7_eigenvalue.png, id=328, 462.528pt x 346.896pt>
File: figures/7_eigenvalue.png Graphic file (type png)
<use figures/7_eigenvalue.png>
Package pdftex.def Info: figures/7_eigenvalue.png  used on input line 542.
(pdftex.def)             Requested size: 469.75502pt x 352.33655pt.
<figures/8_eigenfunctions.png, id=331, 462.528pt x 346.896pt>
File: figures/8_eigenfunctions.png Graphic file (type png)
<use figures/8_eigenfunctions.png>
Package pdftex.def Info: figures/8_eigenfunctions.png  used on input line 551.
(pdftex.def)             Requested size: 469.75502pt x 352.33655pt.
 [26 <c:/Users/volkan/Desktop/Graduate/Graduate_Era/Courses/PHYS_514/Problem_Sets/ps7/solution/report/figures/7_eigenvalue.png>]
<figures/8_eigenvalue.png, id=342, 462.528pt x 346.896pt>
File: figures/8_eigenvalue.png Graphic file (type png)
<use figures/8_eigenvalue.png>
Package pdftex.def Info: figures/8_eigenvalue.png  used on input line 557.
(pdftex.def)             Requested size: 469.75502pt x 352.33655pt.
 [27 <c:/Users/volkan/Desktop/Graduate/Graduate_Era/Courses/PHYS_514/Problem_Sets/ps7/solution/report/figures/8_eigenfunctions.png>]
Package atveryend Info: Empty hook `BeforeClearDocument' on input line 562.
 [28 <c:/Users/volkan/Desktop/Graduate/Graduate_Era/Courses/PHYS_514/Problem_Sets/ps7/solution/report/figures/8_eigenvalue.png>]
Package atveryend Info: Empty hook `AfterLastShipout' on input line 562.
 (c:/Users\volkan\Desktop\Graduate\Graduate_Era\Courses\PHYS_514\Problem_Sets\ps7\solution\report\ps_report.aux)
Package atveryend Info: Executing hook `AtVeryEndDocument' on input line 562.
Package atveryend Info: Executing hook `AtEndAfterFileList' on input line 562.
Package rerunfilecheck Info: File `ps_report.out' has not changed.
(rerunfilecheck)             Checksum: C816DC60AB583DE8817C4787D2A63119;1234.
Package atveryend Info: Empty hook `AtVeryVeryEnd' on input line 562.
 ) 
Here is how much of TeX's memory you used:
 10871 strings out of 492452
 167976 string characters out of 3119597
 272013 words of memory out of 3000000
 14937 multiletter control sequences out of 15000+200000
 11705 words of font info for 43 fonts, out of 3000000 for 9000
 1141 hyphenation exceptions out of 8191
 43i,9n,70p,846b,348s stack positions out of 5000i,500n,10000p,200000b,50000s
<C:/Users/volkan/AppData/Local/Programs/MiKTeX 2.9/fonts/type1/public/amsfonts/cm/cmbx12.pfb><C:/Users/volkan/AppData/Local/Programs/MiKTeX 2.9/fonts/type1/public/amsfonts/cm/cmcsc10.pfb><C:/Users/volkan/AppData/Local/Programs/MiKTeX 2.9/fonts/type1/public/amsfonts/cm/cmex10.pfb><C:/Users/volkan/AppData/Local/Programs/MiKTeX 2.9/fonts/type1/public/amsfonts/cm/cmmi12.pfb><C:/Users/volkan/AppData/Local/Programs/MiKTeX 2.9/fonts/type1/public/amsfonts/cm/cmmi8.pfb><C:/Users/volkan/AppData/Local/Programs/MiKTeX 2.9/fonts/type1/public/amsfonts/cm/cmr12.pfb><C:/Users/volkan/AppData/Local/Programs/MiKTeX 2.9/fonts/type1/public/amsfonts/cm/cmr6.pfb><C:/Users/volkan/AppData/Local/Programs/MiKTeX 2.9/fonts/type1/public/amsfonts/cm/cmr8.pfb><C:/Users/volkan/AppData/Local/Programs/MiKTeX 2.9/fonts/type1/public/amsfonts/cm/cmsy10.pfb><C:/Users/volkan/AppData/Local/Programs/MiKTeX 2.9/fonts/type1/public/amsfonts/cm/cmsy8.pfb><C:/Users/volkan/AppData/Local/Programs/MiKTeX 2.9/fonts/type1/public/amsfonts/cm/cmti12.pfb><C:/Users/volkan/AppData/Local/Programs/MiKTeX 2.9/fonts/type1/public/amsfonts/symbols/msbm10.pfb>
Output written on c:/Users\volkan\Desktop\Graduate\Graduate_Era\Courses\PHYS_514\Problem_Sets\ps7\solution\report\ps_report.pdf (29 pages, 2567000 bytes).
PDF statistics:
 417 PDF objects out of 1000 (max. 8388607)
 109 named destinations out of 1000 (max. 500000)
 220 words of extra memory for PDF output out of 10000 (max. 10000000)

