This is pdfTeX, Version 3.14159265-2.6-1.40.20 (MiKTeX 2.9.7200 64-bit) (preloaded format=pdflatex 2019.11.7)  27 OCT 2020 17:38
entering extended mode
**c:/Users/volkan/Desktop/Graduate/Graduate_Era/Courses/PHYS_514/Problem_Sets/2/workspace/report/ps_report.tex
(c:/Users/volkan/Desktop/Graduate/Graduate_Era/Courses/PHYS_514/Problem_Sets/2/workspace/report/ps_report.tex
LaTeX2e <2019-10-01>
("C:\Users\volkan\AppData\Local\Programs\MiKTeX 2.9\tex/latex/base\article.cls"
Document Class: article 2019/08/27 v1.4j Standard LaTeX document class
("C:\Users\volkan\AppData\Local\Programs\MiKTeX 2.9\tex/latex/base\size12.clo"
File: size12.clo 2019/08/27 v1.4j Standard LaTeX file (size option)
)
\c@part=\count80
\c@section=\count81
\c@subsection=\count82
\c@subsubsection=\count83
\c@paragraph=\count84
\c@subparagraph=\count85
\c@figure=\count86
\c@table=\count87
\abovecaptionskip=\skip41
\belowcaptionskip=\skip42
\bibindent=\dimen102
) ("C:\Users\volkan\AppData\Local\Programs\MiKTeX 2.9\tex/latex/tools\tabularx.sty"
Package: tabularx 2016/02/03 v2.11b `tabularx' package (DPC)
 ("C:\Users\volkan\AppData\Local\Programs\MiKTeX 2.9\tex/latex/tools\array.sty"
Package: array 2019/08/31 v2.4l Tabular extension package (FMi)
\col@sep=\dimen103
\ar@mcellbox=\box27
\extrarowheight=\dimen104
\NC@list=\toks14
\extratabsurround=\skip43
\backup@length=\skip44
\ar@cellbox=\box28
)
\TX@col@width=\dimen105
\TX@old@table=\dimen106
\TX@old@col=\dimen107
\TX@target=\dimen108
\TX@delta=\dimen109
\TX@cols=\count88
\TX@ftn=\toks15
) ("C:\Users\volkan\AppData\Local\Programs\MiKTeX 2.9\tex/latex/amsmath\amsmath.sty"
Package: amsmath 2019/04/01 v2.17c AMS math features
\@mathmargin=\skip45

For additional information on amsmath, use the `?' option.
("C:\Users\volkan\AppData\Local\Programs\MiKTeX 2.9\tex/latex/amsmath\amstext.sty"
Package: amstext 2000/06/29 v2.01 AMS text
 ("C:\Users\volkan\AppData\Local\Programs\MiKTeX 2.9\tex/latex/amsmath\amsgen.sty"
File: amsgen.sty 1999/11/30 v2.0 generic functions
\@emptytoks=\toks16
\ex@=\dimen110
)) ("C:\Users\volkan\AppData\Local\Programs\MiKTeX 2.9\tex/latex/amsmath\amsbsy.sty"
Package: amsbsy 1999/11/29 v1.2d Bold Symbols
\pmbraise@=\dimen111
) ("C:\Users\volkan\AppData\Local\Programs\MiKTeX 2.9\tex/latex/amsmath\amsopn.sty"
Package: amsopn 2016/03/08 v2.02 operator names
)
\inf@bad=\count89
LaTeX Info: Redefining \frac on input line 227.
\uproot@=\count90
\leftroot@=\count91
LaTeX Info: Redefining \overline on input line 389.
\classnum@=\count92
\DOTSCASE@=\count93
LaTeX Info: Redefining \ldots on input line 486.
LaTeX Info: Redefining \dots on input line 489.
LaTeX Info: Redefining \cdots on input line 610.
\Mathstrutbox@=\box29
\strutbox@=\box30
\big@size=\dimen112
LaTeX Font Info:    Redeclaring font encoding OML on input line 733.
LaTeX Font Info:    Redeclaring font encoding OMS on input line 734.
\macc@depth=\count94
\c@MaxMatrixCols=\count95
\dotsspace@=\muskip10
\c@parentequation=\count96
\dspbrk@lvl=\count97
\tag@help=\toks17
\row@=\count98
\column@=\count99
\maxfields@=\count100
\andhelp@=\toks18
\eqnshift@=\dimen113
\alignsep@=\dimen114
\tagshift@=\dimen115
\tagwidth@=\dimen116
\totwidth@=\dimen117
\lineht@=\dimen118
\@envbody=\toks19
\multlinegap=\skip46
\multlinetaggap=\skip47
\mathdisplay@stack=\toks20
LaTeX Info: Redefining \[ on input line 2855.
LaTeX Info: Redefining \] on input line 2856.
) ("C:\Users\volkan\AppData\Local\Programs\MiKTeX 2.9\tex/latex/amsfonts\amssymb.sty"
Package: amssymb 2013/01/14 v3.01 AMS font symbols
 ("C:\Users\volkan\AppData\Local\Programs\MiKTeX 2.9\tex/latex/amsfonts\amsfonts.sty"
Package: amsfonts 2013/01/14 v3.01 Basic AMSFonts support
\symAMSa=\mathgroup4
\symAMSb=\mathgroup5
LaTeX Font Info:    Redeclaring math symbol \hbar on input line 98.
LaTeX Font Info:    Overwriting math alphabet `\mathfrak' in version `bold'
(Font)                  U/euf/m/n --> U/euf/b/n on input line 106.
)) ("C:\Users\volkan\AppData\Local\Programs\MiKTeX 2.9\tex/latex/multirow\multirow.sty"
Package: multirow 2019/05/31 v2.5 Span multiple rows of a table
\multirow@colwidth=\skip48
\multirow@cntb=\count101
\multirow@dima=\skip49
\bigstrutjot=\dimen119
) ("C:\Users\volkan\AppData\Local\Programs\MiKTeX 2.9\tex/latex/xcolor\xcolor.sty"
Package: xcolor 2016/05/11 v2.12 LaTeX color extensions (UK)
 ("C:\Users\volkan\AppData\Local\Programs\MiKTeX 2.9\tex/latex/graphics-cfg\color.cfg"
File: color.cfg 2016/01/02 v1.6 sample color configuration
)
Package xcolor Info: Driver file: pdftex.def on input line 225.
 ("C:\Users\volkan\AppData\Local\Programs\MiKTeX 2.9\tex/latex/graphics-def\pdftex.def"
File: pdftex.def 2018/01/08 v1.0l Graphics/color driver for pdftex
)
Package xcolor Info: Model `cmy' substituted by `cmy0' on input line 1348.
Package xcolor Info: Model `hsb' substituted by `rgb' on input line 1352.
Package xcolor Info: Model `RGB' extended on input line 1364.
Package xcolor Info: Model `HTML' substituted by `rgb' on input line 1366.
Package xcolor Info: Model `Hsb' substituted by `hsb' on input line 1367.
Package xcolor Info: Model `tHsb' substituted by `hsb' on input line 1368.
Package xcolor Info: Model `HSB' substituted by `hsb' on input line 1369.
Package xcolor Info: Model `Gray' substituted by `gray' on input line 1370.
Package xcolor Info: Model `wave' substituted by `hsb' on input line 1371.
) ("C:\Users\volkan\AppData\Local\Programs\MiKTeX 2.9\tex/latex/was\gensymb.sty"
Package: gensymb 2003/07/02 v1.0 (WaS)
) ("C:\Users\volkan\AppData\Local\Programs\MiKTeX 2.9\tex/latex/appendix\appendix.sty"
Package: appendix 2020/02/08 v1.2c extra appendix facilities
\c@@pps=\count102
\c@@ppsavesec=\count103
\c@@ppsaveapp=\count104
) ("C:\Users\volkan\AppData\Local\Programs\MiKTeX 2.9\tex/latex/float\float.sty"
Package: float 2001/11/08 v1.3d Float enhancements (AL)
\c@float@type=\count105
\float@exts=\toks21
\float@box=\box31
\@float@everytoks=\toks22
\@floatcapt=\box32
) ("C:\Users\volkan\AppData\Local\Programs\MiKTeX 2.9\tex/latex/listings\listings.sty" ("C:\Users\volkan\AppData\Local\Programs\MiKTeX 2.9\tex/latex/graphics\keyval.sty"
Package: keyval 2014/10/28 v1.15 key=value parser (DPC)
\KV@toks@=\toks23
)
\lst@mode=\count106
\lst@gtempboxa=\box33
\lst@token=\toks24
\lst@length=\count107
\lst@currlwidth=\dimen120
\lst@column=\count108
\lst@pos=\count109
\lst@lostspace=\dimen121
\lst@width=\dimen122
\lst@newlines=\count110
\lst@lineno=\count111
\lst@maxwidth=\dimen123
 ("C:\Users\volkan\AppData\Local\Programs\MiKTeX 2.9\tex/latex/listings\lstmisc.sty"
File: lstmisc.sty 2019/09/10 1.8c (Carsten Heinz)
\c@lstnumber=\count112
\lst@skipnumbers=\count113
\lst@framebox=\box34
) ("C:\Users\volkan\AppData\Local\Programs\MiKTeX 2.9\tex/latex/listings\listings.cfg"
File: listings.cfg 2019/09/10 1.8c listings configuration
))
Package: listings 2019/09/10 1.8c (Carsten Heinz)
 ("C:\Users\volkan\AppData\Local\Programs\MiKTeX 2.9\tex/latex/adjustbox\adjustbox.sty"
Package: adjustbox 2019/01/04 v1.2 Adjusting TeX boxes (trim, clip, ...)
 ("C:\Users\volkan\AppData\Local\Programs\MiKTeX 2.9\tex/latex/xkeyval\xkeyval.sty"
Package: xkeyval 2014/12/03 v2.7a package option processing (HA)
 ("C:\Users\volkan\AppData\Local\Programs\MiKTeX 2.9\tex/generic/xkeyval\xkeyval.tex" ("C:\Users\volkan\AppData\Local\Programs\MiKTeX 2.9\tex/generic/xkeyval\xkvutils.tex"
\XKV@toks=\toks25
\XKV@tempa@toks=\toks26
)
\XKV@depth=\count114
File: xkeyval.tex 2014/12/03 v2.7a key=value parser (HA)
)) ("C:\Users\volkan\AppData\Local\Programs\MiKTeX 2.9\tex/latex/adjustbox\adjcalc.sty"
Package: adjcalc 2012/05/16 v1.1 Provides advanced setlength with multiple back-ends (calc, etex, pgfmath)
) ("C:\Users\volkan\AppData\Local\Programs\MiKTeX 2.9\tex/latex/adjustbox\trimclip.sty"
Package: trimclip 2018/04/08 v1.1 Trim and clip general TeX material
 ("C:\Users\volkan\AppData\Local\Programs\MiKTeX 2.9\tex/latex/graphics\graphicx.sty"
Package: graphicx 2017/06/01 v1.1a Enhanced LaTeX Graphics (DPC,SPQR)
 ("C:\Users\volkan\AppData\Local\Programs\MiKTeX 2.9\tex/latex/graphics\graphics.sty"
Package: graphics 2019/07/20 v1.3b Standard LaTeX Graphics (DPC,SPQR)
 ("C:\Users\volkan\AppData\Local\Programs\MiKTeX 2.9\tex/latex/graphics\trig.sty"
Package: trig 2016/01/03 v1.10 sin cos tan (DPC)
) ("C:\Users\volkan\AppData\Local\Programs\MiKTeX 2.9\tex/latex/graphics-cfg\graphics.cfg"
File: graphics.cfg 2016/06/04 v1.11 sample graphics configuration
)
Package graphics Info: Driver file: pdftex.def on input line 105.
)
\Gin@req@height=\dimen124
\Gin@req@width=\dimen125
) ("C:\Users\volkan\AppData\Local\Programs\MiKTeX 2.9\tex/latex/collectbox\collectbox.sty"
Package: collectbox 2012/05/17 v0.4b Collect macro arguments as boxes
\collectedbox=\box35
)
\tc@llx=\dimen126
\tc@lly=\dimen127
\tc@urx=\dimen128
\tc@ury=\dimen129
Package trimclip Info: Using driver 'tc-pdftex.def'.
 ("C:\Users\volkan\AppData\Local\Programs\MiKTeX 2.9\tex/latex/adjustbox\tc-pdftex.def"
File: tc-pdftex.def 2019/01/04 v2.2 Clipping driver for pdftex
))
\adjbox@Width=\dimen130
\adjbox@Height=\dimen131
\adjbox@Depth=\dimen132
\adjbox@Totalheight=\dimen133
\adjbox@pwidth=\dimen134
\adjbox@pheight=\dimen135
\adjbox@pdepth=\dimen136
\adjbox@ptotalheight=\dimen137
 ("C:\Users\volkan\AppData\Local\Programs\MiKTeX 2.9\tex/latex/ifoddpage\ifoddpage.sty"
Package: ifoddpage 2016/04/23 v1.1 Conditionals for odd/even page detection
\c@checkoddpage=\count115
) ("C:\Users\volkan\AppData\Local\Programs\MiKTeX 2.9\tex/latex/varwidth\varwidth.sty"
Package: varwidth 2009/03/30 ver 0.92;  Variable-width minipages
\@vwid@box=\box36
\sift@deathcycles=\count116
\@vwid@loff=\dimen138
\@vwid@roff=\dimen139
)) ("C:\Users\volkan\AppData\Local\Programs\MiKTeX 2.9\tex/latex/geometry\geometry.sty"
Package: geometry 2018/04/16 v5.8 Page Geometry
 ("C:\Users\volkan\AppData\Local\Programs\MiKTeX 2.9\tex/generic/oberdiek\ifpdf.sty"
Package: ifpdf 2018/09/07 v3.3 Provides the ifpdf switch
) ("C:\Users\volkan\AppData\Local\Programs\MiKTeX 2.9\tex/generic/oberdiek\ifvtex.sty"
Package: ifvtex 2016/05/16 v1.6 Detect VTeX and its facilities (HO)
Package ifvtex Info: VTeX not detected.
) ("C:\Users\volkan\AppData\Local\Programs\MiKTeX 2.9\tex/generic/ifxetex\ifxetex.sty"
Package: ifxetex 2010/09/12 v0.6 Provides ifxetex conditional
)
\Gm@cnth=\count117
\Gm@cntv=\count118
\c@Gm@tempcnt=\count119
\Gm@bindingoffset=\dimen140
\Gm@wd@mp=\dimen141
\Gm@odd@mp=\dimen142
\Gm@even@mp=\dimen143
\Gm@layoutwidth=\dimen144
\Gm@layoutheight=\dimen145
\Gm@layouthoffset=\dimen146
\Gm@layoutvoffset=\dimen147
\Gm@dimlist=\toks27
 ("C:\Users\volkan\AppData\Local\Programs\MiKTeX 2.9\tex/latex/geometry\geometry.cfg")) ("C:\Users\volkan\AppData\Local\Programs\MiKTeX 2.9\tex/latex/cite\cite.sty"
LaTeX Info: Redefining \cite on input line 302.
LaTeX Info: Redefining \nocite on input line 332.
Package: cite 2015/02/27  v 5.5
) ("C:\Users\volkan\AppData\Local\Programs\MiKTeX 2.9\tex/latex/hyperref\hyperref.sty"
Package: hyperref 2019/09/28 v7.00a Hypertext links for LaTeX
 ("C:\Users\volkan\AppData\Local\Programs\MiKTeX 2.9\tex/generic/oberdiek\hobsub-hyperref.sty"
Package: hobsub-hyperref 2016/05/16 v1.14 Bundle oberdiek, subset hyperref (HO)
 ("C:\Users\volkan\AppData\Local\Programs\MiKTeX 2.9\tex/generic/oberdiek\hobsub-generic.sty"
Package: hobsub-generic 2016/05/16 v1.14 Bundle oberdiek, subset generic (HO)
Package: hobsub 2016/05/16 v1.14 Construct package bundles (HO)
Package: infwarerr 2016/05/16 v1.4 Providing info/warning/error messages (HO)
Package: ltxcmds 2016/05/16 v1.23 LaTeX kernel commands for general use (HO)
Package: ifluatex 2016/05/16 v1.4 Provides the ifluatex switch (HO)
Package ifluatex Info: LuaTeX not detected.
Package hobsub Info: Skipping package `ifvtex' (already loaded).
Package: intcalc 2016/05/16 v1.2 Expandable calculations with integers (HO)
Package hobsub Info: Skipping package `ifpdf' (already loaded).
Package: etexcmds 2016/05/16 v1.6 Avoid name clashes with e-TeX commands (HO)
Package: kvsetkeys 2016/05/16 v1.17 Key value parser (HO)
Package: kvdefinekeys 2016/05/16 v1.4 Define keys (HO)
Package: pdftexcmds 2019/07/25 v0.30 Utility functions of pdfTeX for LuaTeX (HO)
Package pdftexcmds Info: LuaTeX not detected.
Package pdftexcmds Info: \pdf@primitive is available.
Package pdftexcmds Info: \pdf@ifprimitive is available.
Package pdftexcmds Info: \pdfdraftmode found.
Package: pdfescape 2016/05/16 v1.14 Implements pdfTeX's escape features (HO)
Package: bigintcalc 2016/05/16 v1.4 Expandable calculations on big integers (HO)
Package: bitset 2016/05/16 v1.2 Handle bit-vector datatype (HO)
Package: uniquecounter 2016/05/16 v1.3 Provide unlimited unique counter (HO)
)
Package hobsub Info: Skipping package `hobsub' (already loaded).
Package: letltxmacro 2016/05/16 v1.5 Let assignment for LaTeX macros (HO)
Package: hopatch 2016/05/16 v1.3 Wrapper for package hooks (HO)
Package: xcolor-patch 2016/05/16 xcolor patch
Package: atveryend 2016/05/16 v1.9 Hooks at the very end of document (HO)
Package atveryend Info: \enddocument detected (standard20110627).
Package: atbegshi 2016/06/09 v1.18 At begin shipout hook (HO)
Package: refcount 2016/05/16 v3.5 Data extraction from label references (HO)
Package: hycolor 2016/05/16 v1.8 Color options for hyperref/bookmark (HO)
) ("C:\Users\volkan\AppData\Local\Programs\MiKTeX 2.9\tex/latex/oberdiek\auxhook.sty"
Package: auxhook 2016/05/16 v1.4 Hooks for auxiliary files (HO)
) ("C:\Users\volkan\AppData\Local\Programs\MiKTeX 2.9\tex/latex/oberdiek\kvoptions.sty"
Package: kvoptions 2016/05/16 v3.12 Key value format for package options (HO)
)
\@linkdim=\dimen148
\Hy@linkcounter=\count120
\Hy@pagecounter=\count121
 ("C:\Users\volkan\AppData\Local\Programs\MiKTeX 2.9\tex/latex/hyperref\pd1enc.def"
File: pd1enc.def 2019/09/28 v7.00a Hyperref: PDFDocEncoding definition (HO)
Now handling font encoding PD1 ...
... no UTF-8 mapping file for font encoding PD1
)
\Hy@SavedSpaceFactor=\count122
 ("C:\Users\volkan\AppData\Local\Programs\MiKTeX 2.9\tex/latex/00miktex\hyperref.cfg"
File: hyperref.cfg 2002/06/06 v1.2 hyperref configuration of TeXLive
)
Package hyperref Info: Option `final' set `true' on input line 4414.
Package hyperref Info: Hyper figures OFF on input line 4540.
Package hyperref Info: Link nesting OFF on input line 4545.
Package hyperref Info: Hyper index ON on input line 4548.
Package hyperref Info: Plain pages OFF on input line 4555.
Package hyperref Info: Backreferencing OFF on input line 4560.
Package hyperref Info: Implicit mode ON; LaTeX internals redefined.
Package hyperref Info: Bookmarks ON on input line 4793.
\c@Hy@tempcnt=\count123
 ("C:\Users\volkan\AppData\Local\Programs\MiKTeX 2.9\tex/latex/url\url.sty"
\Urlmuskip=\muskip11
Package: url 2013/09/16  ver 3.4  Verb mode for urls, etc.
)
LaTeX Info: Redefining \url on input line 5152.
\XeTeXLinkMargin=\dimen149
\Fld@menulength=\count124
\Field@Width=\dimen150
\Fld@charsize=\dimen151
Package hyperref Info: Hyper figures OFF on input line 6423.
Package hyperref Info: Link nesting OFF on input line 6428.
Package hyperref Info: Hyper index ON on input line 6431.
Package hyperref Info: backreferencing OFF on input line 6438.
Package hyperref Info: Link coloring OFF on input line 6443.
Package hyperref Info: Link coloring with OCG OFF on input line 6448.
Package hyperref Info: PDF/A mode OFF on input line 6453.
LaTeX Info: Redefining \ref on input line 6493.
LaTeX Info: Redefining \pageref on input line 6497.
\Hy@abspage=\count125
\c@Item=\count126
\c@Hfootnote=\count127
)
Package hyperref Info: Driver (autodetected): hpdftex.
 ("C:\Users\volkan\AppData\Local\Programs\MiKTeX 2.9\tex/latex/hyperref\hpdftex.def"
File: hpdftex.def 2019/09/28 v7.00a Hyperref driver for pdfTeX
\Fld@listcount=\count128
\c@bookmark@seq@number=\count129
 ("C:\Users\volkan\AppData\Local\Programs\MiKTeX 2.9\tex/latex/oberdiek\rerunfilecheck.sty"
Package: rerunfilecheck 2016/05/16 v1.8 Rerun checks for auxiliary files (HO)
Package uniquecounter Info: New unique counter `rerunfilecheck' on input line 282.
)
\Hy@SectionHShift=\skip50
)
Package hyperref Info: Option `colorlinks' set `false' on input line 26.
 (c:/Users\volkan\Desktop\Graduate\Graduate_Era\Courses\PHYS_514\Problem_Sets\2\workspace\report\ps_report.aux)
\openout1 = `ps_report.aux'.

LaTeX Font Info:    Checking defaults for OML/cmm/m/it on input line 45.
LaTeX Font Info:    ... okay on input line 45.
LaTeX Font Info:    Checking defaults for T1/cmr/m/n on input line 45.
LaTeX Font Info:    ... okay on input line 45.
LaTeX Font Info:    Checking defaults for OT1/cmr/m/n on input line 45.
LaTeX Font Info:    ... okay on input line 45.
LaTeX Font Info:    Checking defaults for OMS/cmsy/m/n on input line 45.
LaTeX Font Info:    ... okay on input line 45.
LaTeX Font Info:    Checking defaults for OMX/cmex/m/n on input line 45.
LaTeX Font Info:    ... okay on input line 45.
LaTeX Font Info:    Checking defaults for U/cmr/m/n on input line 45.
LaTeX Font Info:    ... okay on input line 45.
LaTeX Font Info:    Checking defaults for PD1/pdf/m/n on input line 45.
LaTeX Font Info:    ... okay on input line 45.
 ("C:\Users\volkan\AppData\Local\Programs\MiKTeX 2.9\tex/context/base/mkii\supp-pdf.mkii"
[Loading MPS to PDF converter (version 2006.09.02).]
\scratchcounter=\count130
\scratchdimen=\dimen152
\scratchbox=\box37
\nofMPsegments=\count131
\nofMParguments=\count132
\everyMPshowfont=\toks28
\MPscratchCnt=\count133
\MPscratchDim=\dimen153
\MPnumerator=\count134
\makeMPintoPDFobject=\count135
\everyMPtoPDFconversion=\toks29
) ("C:\Users\volkan\AppData\Local\Programs\MiKTeX 2.9\tex/latex/oberdiek\epstopdf-base.sty"
Package: epstopdf-base 2016/05/15 v2.6 Base part for package epstopdf
 ("C:\Users\volkan\AppData\Local\Programs\MiKTeX 2.9\tex/latex/oberdiek\grfext.sty"
Package: grfext 2016/05/16 v1.2 Manage graphics extensions (HO)
)
Package epstopdf-base Info: Redefining graphics rule for `.eps' on input line 438.
Package grfext Info: Graphics extension search list:
(grfext)             [.pdf,.png,.jpg,.mps,.jpeg,.jbig2,.jb2,.PDF,.PNG,.JPG,.JPEG,.JBIG2,.JB2,.eps]
(grfext)             \AppendGraphicsExtensions on input line 456.
)
LaTeX Info: Redefining \celsius on input line 45.
Package gensymb Info: Faking symbols for \degree and \celsius on input line 45.


Package gensymb Warning: Not defining \perthousand.

LaTeX Info: Redefining \ohm on input line 45.
Package gensymb Info: Using \Omega for \ohm on input line 45.

Package gensymb Warning: Not defining \micro.

\c@lstlisting=\count136
*geometry* driver: auto-detecting
*geometry* detected driver: pdftex
*geometry* verbose mode - [ preamble ] result:
* driver: pdftex
* paper: letterpaper
* layout: <same size as paper>
* layoutoffset:(h,v)=(0.0pt,0.0pt)
* modes: 
* h-part:(L,W,R)=(72.26999pt, 469.75502pt, 72.26999pt)
* v-part:(T,H,B)=(72.26999pt, 650.43001pt, 72.26999pt)
* \paperwidth=614.295pt
* \paperheight=794.96999pt
* \textwidth=469.75502pt
* \textheight=650.43001pt
* \oddsidemargin=0.0pt
* \evensidemargin=0.0pt
* \topmargin=-37.0pt
* \headheight=12.0pt
* \headsep=25.0pt
* \topskip=12.0pt
* \footskip=30.0pt
* \marginparwidth=44.0pt
* \marginparsep=10.0pt
* \columnsep=10.0pt
* \skip\footins=10.8pt plus 4.0pt minus 2.0pt
* \hoffset=0.0pt
* \voffset=0.0pt
* \mag=1000
* \@twocolumnfalse
* \@twosidefalse
* \@mparswitchfalse
* \@reversemarginfalse
* (1in=72.27pt=25.4mm, 1cm=28.453pt)

\AtBeginShipoutBox=\box38
Package hyperref Info: Link coloring OFF on input line 45.
("C:\Users\volkan\AppData\Local\Programs\MiKTeX 2.9\tex/latex/hyperref\nameref.sty"
Package: nameref 2019/09/16 v2.46 Cross-referencing by name of section
 ("C:\Users\volkan\AppData\Local\Programs\MiKTeX 2.9\tex/generic/oberdiek\gettitlestring.sty"
Package: gettitlestring 2016/05/16 v1.5 Cleanup title references (HO)
)
\c@section@level=\count137
)
LaTeX Info: Redefining \ref on input line 45.
LaTeX Info: Redefining \pageref on input line 45.
LaTeX Info: Redefining \nameref on input line 45.
 (c:/Users\volkan\Desktop\Graduate\Graduate_Era\Courses\PHYS_514\Problem_Sets\2\workspace\report\ps_report.out) (c:/Users\volkan\Desktop\Graduate\Graduate_Era\Courses\PHYS_514\Problem_Sets\2\workspace\report\ps_report.out)
\@outlinefile=\write3
\openout3 = `ps_report.out'.

<figures/koc_logo.png, id=55, 903.375pt x 474.27188pt>
File: figures/koc_logo.png Graphic file (type png)
<use figures/koc_logo.png>
Package pdftex.def Info: figures/koc_logo.png  used on input line 50.
(pdftex.def)             Requested size: 227.62204pt x 119.50122pt.
 [1

{C:/Users/volkan/AppData/Local/MiKTeX/2.9/pdftex/config/pdftex.map} <c:/Users/volkan/Desktop/Graduate/Graduate_Era/Courses/PHYS_514/Problem_Sets/2/workspace/report/figures/koc_logo.png>] (c:/Users\volkan\Desktop\Graduate\Graduate_Era\Courses\PHYS_514\Problem_Sets\2\workspace\report\ps_report.toc
LaTeX Font Info:    Trying to load font information for U+msa on input line 2.
 ("C:\Users\volkan\AppData\Local\Programs\MiKTeX 2.9\tex/latex/amsfonts\umsa.fd"
File: umsa.fd 2013/01/14 v3.01 AMS symbols A
)
LaTeX Font Info:    Trying to load font information for U+msb on input line 2.
 ("C:\Users\volkan\AppData\Local\Programs\MiKTeX 2.9\tex/latex/amsfonts\umsb.fd"
File: umsb.fd 2013/01/14 v3.01 AMS symbols B
))
\tf@toc=\write4
\openout4 = `ps_report.toc'.

pdfTeX warning (ext4): destination with the same identifier (name{page.1}) has been already used, duplicate ignored
<to be read again> 
                   \relax 
l.77 \newpage
              [1] [2]
<figures/linsystime.png, id=109, 1053.9375pt x 790.45313pt>
File: figures/linsystime.png Graphic file (type png)
<use figures/linsystime.png>
Package pdftex.def Info: figures/linsystime.png  used on input line 194.
(pdftex.def)             Requested size: 469.75502pt x 352.32344pt.
 [3]
<figures/linsystime50.png, id=120, 1053.9375pt x 790.45313pt>
File: figures/linsystime50.png Graphic file (type png)
<use figures/linsystime50.png>
Package pdftex.def Info: figures/linsystime50.png  used on input line 200.
(pdftex.def)             Requested size: 469.75502pt x 352.32344pt.
 [4 <c:/Users/volkan/Desktop/Graduate/Graduate_Era/Courses/PHYS_514/Problem_Sets/2/workspace/report/figures/linsystime.png (PNG copy)>]
LaTeX Font Info:    Trying to load font information for OMS+cmr on input line 211.
 ("C:\Users\volkan\AppData\Local\Programs\MiKTeX 2.9\tex/latex/base\omscmr.fd"
File: omscmr.fd 2014/09/29 v2.5h Standard LaTeX font definitions
)
LaTeX Font Info:    Font shape `OMS/cmr/m/n' in size <12> not available
(Font)              Font shape `OMS/cmsy/m/n' tried instead on input line 211.
<figures/lamberttime.png, id=129, 421.575pt x 316.0608pt>
File: figures/lamberttime.png Graphic file (type png)
<use figures/lamberttime.png>
Package pdftex.def Info: figures/lamberttime.png  used on input line 216.
(pdftex.def)             Requested size: 234.8775pt x 176.09099pt.
 [5 <c:/Users/volkan/Desktop/Graduate/Graduate_Era/Courses/PHYS_514/Problem_Sets/2/workspace/report/figures/linsystime50.png (PNG copy)>]
<figures/lamberttimedetailed.png, id=139, 421.575pt x 316.0608pt>
File: figures/lamberttimedetailed.png Graphic file (type png)
<use figures/lamberttimedetailed.png>
Package pdftex.def Info: figures/lamberttimedetailed.png  used on input line 222.
(pdftex.def)             Requested size: 328.82707pt x 246.53125pt.
 [6 <c:/Users/volkan/Desktop/Graduate/Graduate_Era/Courses/PHYS_514/Problem_Sets/2/workspace/report/figures/lamberttime.png (PNG copy)> <c:/Users/volkan/Desktop/Graduate/Graduate_Era/Courses/PHYS_514/Problem_Sets/2/workspace/report/figures/lamberttimedetailed.png (PNG copy)>]
<figures/lambertfunceval.png, id=152, 421.575pt x 316.0608pt>
File: figures/lambertfunceval.png Graphic file (type png)
<use figures/lambertfunceval.png>
Package pdftex.def Info: figures/lambertfunceval.png  used on input line 231.
(pdftex.def)             Requested size: 469.75502pt x 352.18681pt.
 [7 <c:/Users/volkan/Desktop/Graduate/Graduate_Era/Courses/PHYS_514/Problem_Sets/2/workspace/report/figures/lambertfunceval.png (PNG copy)>]
<figures/poweriterationtime.png, id=162, 1053.9375pt x 790.45313pt>
File: figures/poweriterationtime.png Graphic file (type png)
<use figures/poweriterationtime.png>
Package pdftex.def Info: figures/poweriterationtime.png  used on input line 272.
(pdftex.def)             Requested size: 469.75502pt x 352.32344pt.
 [8]
<figures/poweriterationtimelowtol.png, id=175, 1053.9375pt x 790.45313pt>
File: figures/poweriterationtimelowtol.png Graphic file (type png)
<use figures/poweriterationtimelowtol.png>
Package pdftex.def Info: figures/poweriterationtimelowtol.png  used on input line 280.
(pdftex.def)             Requested size: 469.75502pt x 352.32344pt.
 [9 <c:/Users/volkan/Desktop/Graduate/Graduate_Era/Courses/PHYS_514/Problem_Sets/2/workspace/report/figures/poweriterationtime.png (PNG copy)>]
<figures/eigenvalue.png, id=186, 1053.9375pt x 790.45313pt>
File: figures/eigenvalue.png Graphic file (type png)
<use figures/eigenvalue.png>
Package pdftex.def Info: figures/eigenvalue.png  used on input line 288.
(pdftex.def)             Requested size: 328.82707pt x 246.61797pt.
 [10 <c:/Users/volkan/Desktop/Graduate/Graduate_Era/Courses/PHYS_514/Problem_Sets/2/workspace/report/figures/poweriterationtimelowtol.png (PNG copy)>]
<figures/eigenvector.png, id=196, 2409.0pt x 1150.2975pt>
File: figures/eigenvector.png Graphic file (type png)
<use figures/eigenvector.png>
Package pdftex.def Info: figures/eigenvector.png  used on input line 294.
(pdftex.def)             Requested size: 469.75502pt x 224.29834pt.
<figures/eigenvaluelowacc.png, id=199, 1053.9375pt x 790.45313pt>
File: figures/eigenvaluelowacc.png Graphic file (type png)
<use figures/eigenvaluelowacc.png>
Package pdftex.def Info: figures/eigenvaluelowacc.png  used on input line 300.
(pdftex.def)             Requested size: 328.82707pt x 246.61797pt.
 [11 <c:/Users/volkan/Desktop/Graduate/Graduate_Era/Courses/PHYS_514/Problem_Sets/2/workspace/report/figures/eigenvalue.png (PNG copy)> <c:/Users/volkan/Desktop/Graduate/Graduate_Era/Courses/PHYS_514/Problem_Sets/2/workspace/report/figures/eigenvector.png (PNG copy)>]
<figures/eigenvectorlowacc.png, id=204, 1053.9375pt x 790.45313pt>
File: figures/eigenvectorlowacc.png Graphic file (type png)
<use figures/eigenvectorlowacc.png>
Package pdftex.def Info: figures/eigenvectorlowacc.png  used on input line 306.
(pdftex.def)             Requested size: 328.82707pt x 246.61797pt.
 [12 <c:/Users/volkan/Desktop/Graduate/Graduate_Era/Courses/PHYS_514/Problem_Sets/2/workspace/report/figures/eigenvaluelowacc.png (PNG copy)> <c:/Users/volkan/Desktop/Graduate/Graduate_Era/Courses/PHYS_514/Problem_Sets/2/workspace/report/figures/eigenvectorlowacc.png (PNG copy)>]
<figures/eigenvaluelowlowacc.png, id=218, 1053.9375pt x 790.45313pt>
File: figures/eigenvaluelowlowacc.png Graphic file (type png)
<use figures/eigenvaluelowlowacc.png>
Package pdftex.def Info: figures/eigenvaluelowlowacc.png  used on input line 313.
(pdftex.def)             Requested size: 328.82707pt x 246.61797pt.
<figures/eigenvectorlowlowacc.png, id=219, 1053.9375pt x 790.45313pt>
File: figures/eigenvectorlowlowacc.png Graphic file (type png)
<use figures/eigenvectorlowlowacc.png>
Package pdftex.def Info: figures/eigenvectorlowlowacc.png  used on input line 319.
(pdftex.def)             Requested size: 469.75502pt x 352.32344pt.
 [13 <c:/Users/volkan/Desktop/Graduate/Graduate_Era/Courses/PHYS_514/Problem_Sets/2/workspace/report/figures/eigenvaluelowlowacc.png (PNG copy)>]
<figures/n512.png, id=233, 1053.9375pt x 790.45313pt>
File: figures/n512.png Graphic file (type png)
<use figures/n512.png>
Package pdftex.def Info: figures/n512.png  used on input line 338.
(pdftex.def)             Requested size: 328.82707pt x 246.61797pt.
 [14 <c:/Users/volkan/Desktop/Graduate/Graduate_Era/Courses/PHYS_514/Problem_Sets/2/workspace/report/figures/eigenvectorlowlowacc.png (PNG copy)>]
<figures/n1024.png, id=244, 1053.9375pt x 790.45313pt>
File: figures/n1024.png Graphic file (type png)
<use figures/n1024.png>
Package pdftex.def Info: figures/n1024.png  used on input line 344.
(pdftex.def)             Requested size: 328.82707pt x 246.61797pt.
<figures/n2048.png, id=245, 1053.9375pt x 790.45313pt>
File: figures/n2048.png Graphic file (type png)
<use figures/n2048.png>
Package pdftex.def Info: figures/n2048.png  used on input line 350.
(pdftex.def)             Requested size: 328.82707pt x 246.61797pt.
Package atveryend Info: Empty hook `BeforeClearDocument' on input line 354.
 [15 <c:/Users/volkan/Desktop/Graduate/Graduate_Era/Courses/PHYS_514/Problem_Sets/2/workspace/report/figures/n512.png (PNG copy)> <c:/Users/volkan/Desktop/Graduate/Graduate_Era/Courses/PHYS_514/Problem_Sets/2/workspace/report/figures/n1024.png (PNG copy)>] [16 <c:/Users/volkan/Desktop/Graduate/Graduate_Era/Courses/PHYS_514/Problem_Sets/2/workspace/report/figures/n2048.png (PNG copy)>]
Package atveryend Info: Empty hook `AfterLastShipout' on input line 354.
 (c:/Users\volkan\Desktop\Graduate\Graduate_Era\Courses\PHYS_514\Problem_Sets\2\workspace\report\ps_report.aux)
Package atveryend Info: Executing hook `AtVeryEndDocument' on input line 354.
Package atveryend Info: Executing hook `AtEndAfterFileList' on input line 354.
Package rerunfilecheck Info: File `ps_report.out' has not changed.
(rerunfilecheck)             Checksum: F14A07E117E1C6EDFE7B26CB8BBF3370;972.
Package atveryend Info: Empty hook `AtVeryVeryEnd' on input line 354.
 ) 
Here is how much of TeX's memory you used:
 10099 strings out of 492452
 149656 string characters out of 3119597
 250159 words of memory out of 3000000
 14223 multiletter control sequences out of 15000+200000
 13233 words of font info for 48 fonts, out of 3000000 for 9000
 1141 hyphenation exceptions out of 8191
 43i,7n,70p,765b,342s stack positions out of 5000i,500n,10000p,200000b,50000s
<C:/Users/volkan/AppData/Local/Programs/MiKTeX 2.9/fonts/type1/public/amsfonts/cm/cmbx12.pfb><C:/Users/volkan/AppData/Local/Programs/MiKTeX 2.9/fonts/type1/public/amsfonts/cm/cmbx8.pfb><C:/Users/volkan/AppData/Local/Programs/MiKTeX 2.9/fonts/type1/public/amsfonts/cm/cmcsc10.pfb><C:/Users/volkan/AppData/Local/Programs/MiKTeX 2.9/fonts/type1/public/amsfonts/cm/cmex10.pfb><C:/Users/volkan/AppData/Local/Programs/MiKTeX 2.9/fonts/type1/public/amsfonts/cm/cmmi12.pfb><C:/Users/volkan/AppData/Local/Programs/MiKTeX 2.9/fonts/type1/public/amsfonts/cm/cmmi8.pfb><C:/Users/volkan/AppData/Local/Programs/MiKTeX 2.9/fonts/type1/public/amsfonts/cm/cmr12.pfb><C:/Users/volkan/AppData/Local/Programs/MiKTeX 2.9/fonts/type1/public/amsfonts/cm/cmr6.pfb><C:/Users/volkan/AppData/Local/Programs/MiKTeX 2.9/fonts/type1/public/amsfonts/cm/cmr8.pfb><C:/Users/volkan/AppData/Local/Programs/MiKTeX 2.9/fonts/type1/public/amsfonts/cm/cmss8.pfb><C:/Users/volkan/AppData/Local/Programs/MiKTeX 2.9/fonts/type1/public/amsfonts/cm/cmsy10.pfb><C:/Users/volkan/AppData/Local/Programs/MiKTeX 2.9/fonts/type1/public/amsfonts/cm/cmsy8.pfb><C:/Users/volkan/AppData/Local/Programs/MiKTeX 2.9/fonts/type1/public/amsfonts/cm/cmti12.pfb>
Output written on c:/Users\volkan\Desktop\Graduate\Graduate_Era\Courses\PHYS_514\Problem_Sets\2\workspace\report\ps_report.pdf (17 pages, 1979436 bytes).
PDF statistics:
 314 PDF objects out of 1000 (max. 8388607)
 73 named destinations out of 1000 (max. 500000)
 190 words of extra memory for PDF output out of 10000 (max. 10000000)

